app/build/outputs/logs/manifest-merger-release-report.txt
-- Merging decision tree log ---
manifest
ADDED from src\main\AndroidManifest.xml:2:1-45:12
	package
		ADDED from src\main\AndroidManifest.xml:3:5-37
		INJECTED from src\main\AndroidManifest.xml
		INJECTED from src\main\AndroidManifest.xml
	android:versionName
		ADDED from src\main\AndroidManifest.xml:5:5-30
	android:versionCode
		ADDED from src\main\AndroidManifest.xml:4:5-28
		INJECTED from src\main\AndroidManifest.xml
		INJECTED from src\main\AndroidManifest.xml
	xmlns:android
		ADDED from src\main\AndroidManifest.xml:2:11-69
uses-sdk
ADDED from src\main\AndroidManifest.xml:7:5-9:41
	android:targetSdkVersion
		ADDED from src\main\AndroidManifest.xml:9:9-38
		INJECTED from src\main\AndroidManifest.xml
		INJECTED from src\main\AndroidManifest.xml
	android:minSdkVersion
		ADDED from src\main\AndroidManifest.xml:8:9-34
		INJECTED from src\main\AndroidManifest.xml
		INJECTED from src\main\AndroidManifest.xml
application
ADDED from src\main\AndroidManifest.xml:11:5-42:22
	android:label
		ADDED from src\main\AndroidManifest.xml:14:9-41
	android:allowBackup
		ADDED from src\main\AndroidManifest.xml:12:9-35
	android:icon
		ADDED from src\main\AndroidManifest.xml:13:9-45
	android:theme
		ADDED from src\main\AndroidManifest.xml:15:9-40
activity#com.example.myexpenses.MainActivity
ADDED from src\main\AndroidManifest.xml:16:9-24:20
	android:label
		ADDED from src\main\AndroidManifest.xml:18:13-45
	android:name
		ADDED from src\main\AndroidManifest.xml:17:13-63
intent-filter#android.intent.action.MAIN+android.intent.category.LAUNCHER
ADDED from src\main\AndroidManifest.xml:19:13-23:29
action#android.intent.action.MAIN
ADDED from src\main\AndroidManifest.xml:20:17-69
	android:name
		ADDED from src\main\AndroidManifest.xml:20:25-66
category#android.intent.category.LAUNCHER
ADDED from src\main\AndroidManifest.xml:22:17-77
	android:name
		ADDED from src\main\AndroidManifest.xml:22:27-74
activity#com.example.myexpenses.Ex_view
ADDED from src\main\AndroidManifest.xml:25:9-109
	android:label
		ADDED from src\main\AndroidManifest.xml:25:65-97
	android:name
		ADDED from src\main\AndroidManifest.xml:25:19-64
activity#com.example.myexpenses.Ex_add
ADDED from src\main\AndroidManifest.xml:26:9-108
	android:label
		ADDED from src\main\AndroidManifest.xml:26:64-96
	android:name
		ADDED from src\main\AndroidManifest.xml:26:19-63
activity#com.example.myexpenses.Ex_info
ADDED from src\main\AndroidManifest.xml:27:9-109
	android:label
		ADDED from src\main\AndroidManifest.xml:27:65-97
	android:name
		ADDED from src\main\AndroidManifest.xml:27:19-64
activity#com.example.myexpenses.In_add
ADDED from src\main\AndroidManifest.xml:28:9-108
	android:label
		ADDED from src\main\AndroidManifest.xml:28:64-96
	android:name
		ADDED from src\main\AndroidManifest.xml:28:19-63
activity#com.example.myexpenses.In_view
ADDED from src\main\AndroidManifest.xml:29:9-109
	android:label
		ADDED from src\main\AndroidManifest.xml:29:65-97
	android:name
		ADDED from src\main\AndroidManifest.xml:29:19-64
activity#com.example.myexpenses.All_view
ADDED from src\main\AndroidManifest.xml:30:10-111
	android:label
		ADDED from src\main\AndroidManifest.xml:30:67-99
	android:name
		ADDED from src\main\AndroidManifest.xml:30:20-66
activity#com.example.myexpenses.MyExpandableListAdapter
ADDED from src\main\AndroidManifest.xml:31:8-124
	android:label
		ADDED from src\main\AndroidManifest.xml:31:80-112
	android:name
		ADDED from src\main\AndroidManifest.xml:31:18-79
activity#com.example.myexpenses.Item
ADDED from src\main\AndroidManifest.xml:32:10-107
	android:label
		ADDED from src\main\AndroidManifest.xml:32:63-95
	android:name
		ADDED from src\main\AndroidManifest.xml:32:20-62
activity#com.example.myexpenses.ListViewMainActivity
ADDED from src\main\AndroidManifest.xml:34:6-119
	android:label
		ADDED from src\main\AndroidManifest.xml:34:75-107
	android:name
		ADDED from src\main\AndroidManifest.xml:34:16-74
activity#com.example.myexpenses.SMSListAdapter
ADDED from src\main\AndroidManifest.xml:35:10-117
	android:label
		ADDED from src\main\AndroidManifest.xml:35:73-105
	android:name
		ADDED from src\main\AndroidManifest.xml:35:20-72
activity#com.example.myexpenses.ItemAdapter
ADDED from src\main\AndroidManifest.xml:36:8-112
	android:label
		ADDED from src\main\AndroidManifest.xml:36:68-100
	android:name
		ADDED from src\main\AndroidManifest.xml:36:18-67
activity#com.example.myexpenses.Selectoption
ADDED from src\main\AndroidManifest.xml:38:8-113
	android:label
		ADDED from src\main\AndroidManifest.xml:38:69-101
	android:name
		ADDED from src\main\AndroidManifest.xml:38:18-68
activity#com.example.myexpenses.About_us
ADDED from src\main\AndroidManifest.xml:39:8-109
	android:label
		ADDED from src\main\AndroidManifest.xml:39:65-97
	android:name
		ADDED from src\main\AndroidManifest.xml:39:18-64
activity#com.example.myexpenses.Expand
ADDED from src\main\AndroidManifest.xml:41:4-103
	android:label
		ADDED from src\main\AndroidManifest.xml:41:59-91
	android:name
		ADDED from src\main\AndroidManifest.xml:41:14-58
uses-permission#android.permission.READ_SMS
ADDED from src\main\AndroidManifest.xml:43:2-63
	android:name
		ADDED from src\main\AndroidManifest.xml:43:19-61
uses-permission#android.permission.WRITE_SMS
ADDED from src\main\AndroidManifest.xml:44:6-68
	android:name
		ADDED from src\main\AndroidManifest.xml:44:23-66